[debug] [2023-12-08T06:23:49.578Z] ----------------------------------------------------------------------
[debug] [2023-12-08T06:23:49.581Z] Command:       /usr/local/Cellar/node/20.6.1/bin/node /usr/local/bin/firebase init
[debug] [2023-12-08T06:23:49.582Z] CLI Version:   12.9.1
[debug] [2023-12-08T06:23:49.582Z] Platform:      darwin
[debug] [2023-12-08T06:23:49.582Z] Node Version:  v20.6.1
[debug] [2023-12-08T06:23:49.582Z] Time:          Fri Dec 08 2023 11:53:49 GMT+0530 (India Standard Time)
[debug] [2023-12-08T06:23:49.582Z] ----------------------------------------------------------------------
[debug] 
[debug] [2023-12-08T06:23:49.587Z] > command requires scopes: ["email","openid","https://www.googleapis.com/auth/cloudplatformprojects.readonly","https://www.googleapis.com/auth/firebase","https://www.googleapis.com/auth/cloud-platform"]
[debug] [2023-12-08T06:23:49.587Z] > authorizing via signed-in user (sky.dushad1995@gmail.com)
[info] 
     ######## #### ########  ######## ########     ###     ######  ########
     ##        ##  ##     ## ##       ##     ##  ##   ##  ##       ##
     ######    ##  ########  ######   ########  #########  ######  ######
     ##        ##  ##    ##  ##       ##     ## ##     ##       ## ##
     ##       #### ##     ## ######## ########  ##     ##  ######  ########

You're about to initialize a Firebase project in this directory:

  /Users/shiva/dotsquares-forms

[info] 
=== Project Setup
[info] 
[info] First, let's associate this project directory with a Firebase project.
[info] You can create multiple project aliases by running firebase use --add, 
[info] but for now we'll just set up a default project.
[info] 
